<?xml version="1.0" encoding="UTF-8"?>
<coverage generated="1770393656326" clover="3.2.0">
  <project timestamp="1770393656326" name="All files">
    <metrics statements="27" coveredstatements="27" conditionals="26" coveredconditionals="24" methods="5" coveredmethods="5" elements="58" coveredelements="56" complexity="0" loc="27" ncloc="27" packages="1" files="2" classes="2"/>
    <file name="module.js" path="/Users/arnaudpinatel/Desktop/cours test ynov/module.js">
      <metrics statements="13" coveredstatements="13" conditionals="10" coveredconditionals="10" methods="1" coveredmethods="1"/>
      <line num="9" count="10" type="cond" truecount="2" falsecount="0"/>
      <line num="10" count="1" type="stmt"/>
      <line num="13" count="9" type="cond" truecount="2" falsecount="0"/>
      <line num="14" count="1" type="stmt"/>
      <line num="17" count="8" type="cond" truecount="2" falsecount="0"/>
      <line num="18" count="1" type="stmt"/>
      <line num="21" count="7" type="cond" truecount="2" falsecount="0"/>
      <line num="22" count="1" type="stmt"/>
      <line num="25" count="6" type="cond" truecount="2" falsecount="0"/>
      <line num="26" count="1" type="stmt"/>
      <line num="29" count="5" type="stmt"/>
      <line num="30" count="5" type="stmt"/>
      <line num="31" count="5" type="stmt"/>
    </file>
    <file name="validator.js" path="/Users/arnaudpinatel/Desktop/cours test ynov/validator.js">
      <metrics statements="14" coveredstatements="14" conditionals="16" coveredconditionals="14" methods="4" coveredmethods="4"/>
      <line num="1" count="1" type="stmt"/>
      <line num="10" count="3" type="stmt"/>
      <line num="12" count="3" type="cond" truecount="2" falsecount="0"/>
      <line num="13" count="1" type="stmt"/>
      <line num="24" count="3" type="cond" truecount="4" falsecount="0"/>
      <line num="25" count="2" type="stmt"/>
      <line num="36" count="3" type="cond" truecount="4" falsecount="0"/>
      <line num="37" count="1" type="stmt"/>
      <line num="49" count="3" type="stmt"/>
      <line num="50" count="26" type="cond" truecount="2" falsecount="0"/>
      <line num="51" count="1" type="stmt"/>
      <line num="56" count="1" type="cond" truecount="2" falsecount="2"/>
      <line num="57" count="1" type="stmt"/>
      <line num="61" count="1" type="stmt"/>
    </file>
  </project>
</coverage>
