{"/Users/arnaudpinatel/Desktop/cours test ynov/module.js": {"path":"/Users/arnaudpinatel/Desktop/cours test ynov/module.js","statementMap":{"0":{"start":{"line":9,"column":4},"end":{"line":11,"column":5}},"1":{"start":{"line":10,"column":8},"end":{"line":10,"column":42}},"2":{"start":{"line":13,"column":4},"end":{"line":15,"column":5}},"3":{"start":{"line":14,"column":8},"end":{"line":14,"column":52}},"4":{"start":{"line":17,"column":4},"end":{"line":19,"column":5}},"5":{"start":{"line":18,"column":8},"end":{"line":18,"column":47}},"6":{"start":{"line":21,"column":4},"end":{"line":23,"column":5}},"7":{"start":{"line":22,"column":8},"end":{"line":22,"column":47}},"8":{"start":{"line":25,"column":4},"end":{"line":27,"column":5}},"9":{"start":{"line":26,"column":8},"end":{"line":26,"column":49}},"10":{"start":{"line":29,"column":19},"end":{"line":29,"column":59}},"11":{"start":{"line":30,"column":14},"end":{"line":30,"column":56}},"12":{"start":{"line":31,"column":4},"end":{"line":31,"column":15}}},"fnMap":{"0":{"name":"calculateAge","decl":{"start":{"line":7,"column":9},"end":{"line":7,"column":21}},"loc":{"start":{"line":7,"column":25},"end":{"line":32,"column":1}},"line":7}},"branchMap":{"0":{"loc":{"start":{"line":9,"column":4},"end":{"line":11,"column":5}},"type":"if","locations":[{"start":{"line":9,"column":4},"end":{"line":11,"column":5}},{"start":{},"end":{}}],"line":9},"1":{"loc":{"start":{"line":13,"column":4},"end":{"line":15,"column":5}},"type":"if","locations":[{"start":{"line":13,"column":4},"end":{"line":15,"column":5}},{"start":{},"end":{}}],"line":13},"2":{"loc":{"start":{"line":17,"column":4},"end":{"line":19,"column":5}},"type":"if","locations":[{"start":{"line":17,"column":4},"end":{"line":19,"column":5}},{"start":{},"end":{}}],"line":17},"3":{"loc":{"start":{"line":21,"column":4},"end":{"line":23,"column":5}},"type":"if","locations":[{"start":{"line":21,"column":4},"end":{"line":23,"column":5}},{"start":{},"end":{}}],"line":21},"4":{"loc":{"start":{"line":25,"column":4},"end":{"line":27,"column":5}},"type":"if","locations":[{"start":{"line":25,"column":4},"end":{"line":27,"column":5}},{"start":{},"end":{}}],"line":25}},"s":{"0":10,"1":1,"2":9,"3":1,"4":8,"5":1,"6":7,"7":1,"8":6,"9":1,"10":5,"11":5,"12":5},"f":{"0":10},"b":{"0":[1,9],"1":[1,8],"2":[1,7],"3":[1,6],"4":[1,5]},"_coverageSchema":"1a1c01bbd47fc00a2c39e90264f33305004495a9","hash":"9781ed5d0928a01697bc3d225c1895ee64673d19"}
,"/Users/arnaudpinatel/Desktop/cours test ynov/validator.js": {"path":"/Users/arnaudpinatel/Desktop/cours test ynov/validator.js","statementMap":{"0":{"start":{"line":1,"column":25},"end":{"line":1,"column":44}},"1":{"start":{"line":10,"column":16},"end":{"line":10,"column":36}},"2":{"start":{"line":12,"column":4},"end":{"line":14,"column":5}},"3":{"start":{"line":13,"column":8},"end":{"line":13,"column":40}},"4":{"start":{"line":24,"column":4},"end":{"line":26,"column":5}},"5":{"start":{"line":25,"column":8},"end":{"line":25,"column":47}},"6":{"start":{"line":36,"column":4},"end":{"line":38,"column":5}},"7":{"start":{"line":37,"column":8},"end":{"line":37,"column":41}},"8":{"start":{"line":49,"column":4},"end":{"line":53,"column":5}},"9":{"start":{"line":49,"column":17},"end":{"line":49,"column":18}},"10":{"start":{"line":50,"column":8},"end":{"line":52,"column":9}},"11":{"start":{"line":51,"column":12},"end":{"line":51,"column":48}},"12":{"start":{"line":56,"column":4},"end":{"line":58,"column":5}},"13":{"start":{"line":57,"column":8},"end":{"line":57,"column":44}},"14":{"start":{"line":61,"column":0},"end":{"line":66,"column":2}}},"fnMap":{"0":{"name":"validateAge","decl":{"start":{"line":9,"column":9},"end":{"line":9,"column":20}},"loc":{"start":{"line":9,"column":29},"end":{"line":15,"column":1}},"line":9},"1":{"name":"validatePostalCode","decl":{"start":{"line":23,"column":9},"end":{"line":23,"column":27}},"loc":{"start":{"line":23,"column":34},"end":{"line":27,"column":1}},"line":23},"2":{"name":"validateEmail","decl":{"start":{"line":35,"column":9},"end":{"line":35,"column":22}},"loc":{"start":{"line":35,"column":30},"end":{"line":39,"column":1}},"line":35},"3":{"name":"validateIdentity","decl":{"start":{"line":47,"column":9},"end":{"line":47,"column":25}},"loc":{"start":{"line":47,"column":33},"end":{"line":59,"column":1}},"line":47}},"branchMap":{"0":{"loc":{"start":{"line":12,"column":4},"end":{"line":14,"column":5}},"type":"if","locations":[{"start":{"line":12,"column":4},"end":{"line":14,"column":5}},{"start":{},"end":{}}],"line":12},"1":{"loc":{"start":{"line":24,"column":4},"end":{"line":26,"column":5}},"type":"if","locations":[{"start":{"line":24,"column":4},"end":{"line":26,"column":5}},{"start":{},"end":{}}],"line":24},"2":{"loc":{"start":{"line":24,"column":8},"end":{"line":24,"column":40}},"type":"binary-expr","locations":[{"start":{"line":24,"column":8},"end":{"line":24,"column":19}},{"start":{"line":24,"column":23},"end":{"line":24,"column":40}}],"line":24},"3":{"loc":{"start":{"line":36,"column":4},"end":{"line":38,"column":5}},"type":"if","locations":[{"start":{"line":36,"column":4},"end":{"line":38,"column":5}},{"start":{},"end":{}}],"line":36},"4":{"loc":{"start":{"line":36,"column":8},"end":{"line":36,"column":52}},"type":"binary-expr","locations":[{"start":{"line":36,"column":8},"end":{"line":36,"column":28}},{"start":{"line":36,"column":32},"end":{"line":36,"column":52}}],"line":36},"5":{"loc":{"start":{"line":50,"column":8},"end":{"line":52,"column":9}},"type":"if","locations":[{"start":{"line":50,"column":8},"end":{"line":52,"column":9}},{"start":{},"end":{}}],"line":50},"6":{"loc":{"start":{"line":56,"column":4},"end":{"line":58,"column":5}},"type":"if","locations":[{"start":{"line":56,"column":4},"end":{"line":58,"column":5}},{"start":{},"end":{}}],"line":56},"7":{"loc":{"start":{"line":56,"column":8},"end":{"line":56,"column":50}},"type":"binary-expr","locations":[{"start":{"line":56,"column":8},"end":{"line":56,"column":27}},{"start":{"line":56,"column":31},"end":{"line":56,"column":50}}],"line":56}},"s":{"0":1,"1":3,"2":3,"3":1,"4":3,"5":2,"6":3,"7":1,"8":3,"9":3,"10":26,"11":1,"12":1,"13":1,"14":1},"f":{"0":3,"1":3,"2":3,"3":3},"b":{"0":[1,2],"1":[2,1],"2":[3,2],"3":[1,1],"4":[3,1],"5":[1,25],"6":[1,0],"7":[1,0]},"_coverageSchema":"1a1c01bbd47fc00a2c39e90264f33305004495a9","hash":"0542373c737b84f3014dfe674f606d43e5db901c"}
}
