TN:
SF:module.js
FN:7,calculateAge
FNF:1
FNH:1
FNDA:10,calculateAge
DA:9,10
DA:10,1
DA:13,9
DA:14,1
DA:17,8
DA:18,1
DA:21,7
DA:22,1
DA:25,6
DA:26,1
DA:29,5
DA:30,5
DA:31,5
LF:13
LH:13
BRDA:9,0,0,1
BRDA:9,0,1,9
BRDA:13,1,0,1
BRDA:13,1,1,8
BRDA:17,2,0,1
BRDA:17,2,1,7
BRDA:21,3,0,1
BRDA:21,3,1,6
BRDA:25,4,0,1
BRDA:25,4,1,5
BRF:10
BRH:10
end_of_record
TN:
SF:validator.js
FN:9,validateAge
FN:23,validatePostalCode
FN:35,validateEmail
FN:47,validateIdentity
FNF:4
FNH:4
FNDA:3,validateAge
FNDA:3,validatePostalCode
FNDA:3,validateEmail
FNDA:3,validateIdentity
DA:1,1
DA:10,3
DA:12,3
DA:13,1
DA:24,3
DA:25,2
DA:36,3
DA:37,1
DA:49,3
DA:50,26
DA:51,1
DA:56,1
DA:57,1
DA:61,1
LF:14
LH:14
BRDA:12,0,0,1
BRDA:12,0,1,2
BRDA:24,1,0,2
BRDA:24,1,1,1
BRDA:24,2,0,3
BRDA:24,2,1,2
BRDA:36,3,0,1
BRDA:36,3,1,1
BRDA:36,4,0,3
BRDA:36,4,1,1
BRDA:50,5,0,1
BRDA:50,5,1,25
BRDA:56,6,0,1
BRDA:56,6,1,0
BRDA:56,7,0,1
BRDA:56,7,1,0
BRF:16
BRH:14
end_of_record
